<?xml version="1.0" encoding="UTF-8"?>
<!-- Generated by org.testng.reporters.JUnitReportReporter -->
<testsuite skipped="0" hostname="DESKTOP-SBI1OAU" name="com.oxytech.testcases.PopulationCounter" tests="1" failures="0" timestamp="10 Apr 2021 14:32:13 GMT" time="37.511" errors="0">
  <testcase name="openBrowser" time="37.511" classname="com.oxytech.testcases.PopulationCounter"/>
</testsuite> <!-- com.oxytech.testcases.PopulationCounter -->
