<?xml version="1.0" encoding="UTF-8"?>
<!-- Generated by org.testng.reporters.JUnitReportReporter -->
<testsuite skipped="0" hostname="DESKTOP-SBI1OAU" name="com.oxytech.testcases.LoginClass" tests="2" failures="0" timestamp="04 Jan 2021 18:22:48 GMT" time="39.474" errors="0">
  <testcase name="intelyHealthLastNameTest" time="12.758" classname="com.oxytech.testcases.LoginClass"/>
  <testcase name="reportTesting" time="26.716" classname="com.oxytech.testcases.LoginClass"/>
</testsuite> <!-- com.oxytech.testcases.LoginClass -->
