<?xml version="1.0" encoding="UTF-8"?>
<!-- Generated by org.testng.reporters.JUnitReportReporter -->
<testsuite skipped="0" hostname="DESKTOP-SBI1OAU" name="com.oxytech.testcases.MatchViewTests" tests="1" failures="0" timestamp="13 Jan 2021 07:16:01 GMT" time="34.785" errors="0">
  <testcase name="intelyHealthLastNameTest" time="34.785" classname="com.oxytech.testcases.MatchViewTests"/>
</testsuite> <!-- com.oxytech.testcases.MatchViewTests -->
